<?xml version="1.0" encoding="UTF-8"?>
<testsuites>
<testsuite name="x.y.z.domain.notification.email.SimpleMailMessageSupportTest" tests="9" skipped="0" failures="0" errors="0" timestamp="2020-04-07T11:05:21" hostname="fv-az50" time="0.012">
  <properties/>
  <testcase name="when_nothing_is_set_subject_null_is_only_part_in_result" classname="x.y.z.domain.notification.email.SimpleMailMessageSupportTest" time="0.0"/>
  <testcase name="when_subject_is_set_and_one_target_to_only_those_parts_are_in_result" classname="x.y.z.domain.notification.email.SimpleMailMessageSupportTest" time="0.002"/>
  <testcase name="when_subject_is_set_and_one_target_to_and_from_only_those_parts_are_in_result" classname="x.y.z.domain.notification.email.SimpleMailMessageSupportTest" time="0.0"/>
  <testcase name="when_subject_is_set_and_two_target_to_only_those_parts_are_in_result" classname="x.y.z.domain.notification.email.SimpleMailMessageSupportTest" time="0.001"/>
  <testcase name="when_subject_is_set_and_one_target_to_and_from_and_reply_only_those_parts_are_in_result" classname="x.y.z.domain.notification.email.SimpleMailMessageSupportTest" time="0.001"/>
  <testcase name="when_subject_is_set_and_2_to_2_cc_2_bcc_targets_all_of_these_parts_are_in_result" classname="x.y.z.domain.notification.email.SimpleMailMessageSupportTest" time="0.001"/>
  <testcase name="when_subject_is_set_and_2_to_1_cc_1_bcc_targets_all_of_these_parts_are_in_result" classname="x.y.z.domain.notification.email.SimpleMailMessageSupportTest" time="0.002"/>
  <testcase name="when_text_is_set_subject_null_is_only_part_in_result" classname="x.y.z.domain.notification.email.SimpleMailMessageSupportTest" time="0.001"/>
  <testcase name="when_text_is_set_subject_is_set_and_2_to_1_cc_1_bcc_targets_all_of_these_parts_are_in_result_except_text" classname="x.y.z.domain.notification.email.SimpleMailMessageSupportTest" time="0.001"/>
  <system-out><![CDATA[]]></system-out>
  <system-err><![CDATA[]]></system-err>
</testsuite>

<testsuite name="x.y.z.sharedkernel.util.StacktraceUtilTest" tests="3" skipped="0" failures="0" errors="0" timestamp="2020-04-07T11:06:25" hostname="fv-az50" time="0.004">
  <properties/>
  <testcase name="runtime_exception_containing_a_HttpClientErrorException_find_root_HttpClientErrorException" classname="x.y.z.sharedkernel.util.StacktraceUtilTest" time="0.004"/>
  <testcase name="runtime_exception_containing_no_cause_returns_runtime_exception" classname="x.y.z.sharedkernel.util.StacktraceUtilTest" time="0.0"/>
  <testcase name="null_given_returns_null" classname="x.y.z.sharedkernel.util.StacktraceUtilTest" time="0.0"/>
  <system-out><![CDATA[]]></system-out>
  <system-err><![CDATA[]]></system-err>
</testsuite>
<testsuite name="x.y.z.domain.administration.user.UserAdministrationRestControllerMockTest" tests="4" skipped="0" failures="0" errors="0" timestamp="2020-04-07T11:04:40" hostname="fv-az50" time="0.062">
  <properties/>
  <testcase name="listUsers_results_in_a_filled_string_list_when_2_users_exist" classname="x.y.z.domain.administration.user.UserAdministrationRestControllerMockTest" time="0.007"/>
  <testcase name="show_user_details_returns_result_of_detail_service" classname="x.y.z.domain.administration.user.UserAdministrationRestControllerMockTest" time="0.033"/>
  <testcase name="calling_with_api_1_0_and_valid_userid_and_email_returns_HTTP_200" classname="x.y.z.domain.administration.user.UserAdministrationRestControllerMockTest" time="0.004"/>
  <testcase name="delete_user_calls_delte_service" classname="x.y.z.domain.administration.user.UserAdministrationRestControllerMockTest" time="0.004"/>
  <system-out><![CDATA[2020-04-07 11:04:39.719  INFO 8543 --- [    Test worker] o.s.t.c.support.AbstractContextLoader    : Could not detect default resource locations for test class [x.y.z.domain.administration.user.UserAdministrationRestControllerMockTest]: no resource found for suffixes {-context.xml, Context.groovy}.
2020-04-07 11:04:39.725  INFO 8543 --- [    Test worker] .b.t.a.w.s.WebMvcTestContextBootstrapper : Loaded default TestExecutionListener class names from location [META-INF/spring.factories]: [org.springframework.security.test.context.support.WithSecurityContextTestExecutionListener, org.springframework.security.test.context.support.ReactorContextTestExecutionListener, org.springframework.boot.test.autoconfigure.restdocs.RestDocsTestExecutionListener, org.springframework.boot.test.autoconfigure.web.client.MockRestServiceServerResetTestExecutionListener, org.springframework.boot.test.autoconfigure.web.servlet.MockMvcPrintOnlyOnFailureTestExecutionListener, org.springframework.boot.test.autoconfigure.web.servlet.WebDriverTestExecutionListener, org.springframework.boot.test.mock.mockito.MockitoTestExecutionListener, org.springframework.boot.test.mock.mockito.ResetMocksTestExecutionListener, org.springframework.test.context.web.ServletTestExecutionListener, org.springframework.test.context.support.DirtiesContextBeforeModesTestExecutionListener, org.springframework.test.context.support.DependencyInjectionTestExecutionListener, org.springframework.test.context.support.DirtiesContextTestExecutionListener, org.springframework.test.context.transaction.TransactionalTestExecutionListener, org.springframework.test.context.jdbc.SqlScriptsTestExecutionListener, org.springframework.test.context.event.EventPublishingTestExecutionListener]
2020-04-07 11:04:39.726  INFO 8543 --- [    Test worker] .b.t.a.w.s.WebMvcTestContextBootstrapper : Using TestExecutionListeners: [org.springframework.test.context.web.ServletTestExecutionListener@4586aefa, org.springframework.test.context.support.DirtiesContextBeforeModesTestExecutionListener@3e51813e, org.springframework.boot.test.mock.mockito.MockitoTestExecutionListener@766048a5, org.springframework.boot.test.autoconfigure.SpringBootDependencyInjectionTestExecutionListener@1f1a008d, org.springframework.test.context.support.DirtiesContextTestExecutionListener@6f9b8cea, org.springframework.test.context.transaction.TransactionalTestExecutionListener@5df1a856, org.springframework.test.context.jdbc.SqlScriptsTestExecutionListener@2920e62d, org.springframework.security.test.context.support.WithSecurityContextTestExecutionListener@66f185ec, org.springframework.test.context.event.EventPublishingTestExecutionListener@55bea904, org.springframework.security.test.context.support.ReactorContextTestExecutionListener@5dd18fd, org.springframework.boot.test.autoconfigure.restdocs.RestDocsTestExecutionListener@2b6287e5, org.springframework.boot.test.autoconfigure.web.client.MockRestServiceServerResetTestExecutionListener@4156a980, org.springframework.boot.test.autoconfigure.web.servlet.MockMvcPrintOnlyOnFailureTestExecutionListener@6180de27, org.springframework.boot.test.autoconfigure.web.servlet.WebDriverTestExecutionListener@c77381a, org.springframework.boot.test.mock.mockito.ResetMocksTestExecutionListener@3395dbde]

  .   ____          _            __ _ _
 /\\ / ___'_ __ _ _(_)_ __  __ _ \ \ \ \
( ( )\___ | '_ | '_| | '_ \/ _` | \ \ \ \
 \\/  ___)| |_)| | | | | || (_| |  ) ) ) )
  '  |____| .__|_| |_|_| |_\__, | / / / /
 =========|_|==============|___/=/_/_/_/
 :: Spring Boot ::        (v2.2.0.RELEASE)

2020-04-07 11:04:39.767  INFO 8543 --- [    Test worker] UserAdministrationRestControllerMockTest : Starting UserAdministrationRestControllerMockTest on fv-az50 with PID 8543 (started by runner in /home/runner/work/sechub/sechub/sechub-administration)
2020-04-07 11:04:39.767  INFO 8543 --- [    Test worker] UserAdministrationRestControllerMockTest : The following profiles are active: test,admin_access
2020-04-07 11:04:40.078  INFO 8543 --- [    Test worker] o.s.s.concurrent.ThreadPoolTaskExecutor  : Initializing ExecutorService 'applicationTaskExecutor'
2020-04-07 11:04:40.164  WARN 8543 --- [    Test worker] ion$DefaultTemplateResolverConfiguration : Cannot find template location: classpath:/templates/ (please add some templates or check your Thymeleaf configuration)
2020-04-07 11:04:40.216  INFO 8543 --- [    Test worker] .s.s.UserDetailsServiceAutoConfiguration : 

Using generated security password: d068fd57-382d-4766-b1c5-d7b43f3f5e3a

2020-04-07 11:04:40.277  INFO 8543 --- [    Test worker] o.s.s.web.DefaultSecurityFilterChain     : Creating filter chain: any request, [org.springframework.security.web.context.request.async.WebAsyncManagerIntegrationFilter@17b31e27, org.springframework.security.web.context.SecurityContextPersistenceFilter@6e8e4266, org.springframework.security.web.header.HeaderWriterFilter@57b9f4ef, org.springframework.security.web.authentication.logout.LogoutFilter@48c32cad, org.springframework.security.web.authentication.www.BasicAuthenticationFilter@234a8a41, org.springframework.security.web.savedrequest.RequestCacheAwareFilter@5329248e, org.springframework.security.web.servletapi.SecurityContextHolderAwareRequestFilter@4b2fac88, org.springframework.security.web.authentication.AnonymousAuthenticationFilter@50d371f5, org.springframework.security.web.session.SessionManagementFilter@1f800e52, org.springframework.security.web.access.ExceptionTranslationFilter@1c9421d8, org.springframework.security.web.access.intercept.FilterSecurityInterceptor@4e490bb4]
2020-04-07 11:04:40.294  INFO 8543 --- [    Test worker] o.s.b.t.m.w.SpringBootMockServletContext : Initializing Spring TestDispatcherServlet ''
2020-04-07 11:04:40.294  INFO 8543 --- [    Test worker] o.s.t.web.servlet.TestDispatcherServlet  : Initializing Servlet ''
2020-04-07 11:04:40.302  INFO 8543 --- [    Test worker] o.s.t.web.servlet.TestDispatcherServlet  : Completed initialization in 8 ms
2020-04-07 11:04:40.316  INFO 8543 --- [    Test worker] UserAdministrationRestControllerMockTest : Started UserAdministrationRestControllerMockTest in 0.588 seconds (JVM running for 9.089)
]]></system-out>
  <system-err><![CDATA[]]></system-err>
</testsuite>
<testsuite name="x.y.z.sharedkernel.execution.SecHubExecutionExceptionTest" tests="2" skipped="0" failures="0" errors="0" timestamp="2020-04-07T11:06:24" hostname="fv-az50" time="0.003">
  <properties/>
  <testcase name="throwAsSecHubExecutionException_throws_adapter_exception_when_exception_is_runtime_exception" classname="x.y.z.sharedkernel.execution.SecHubExecutionExceptionTest" time="0.003"/>
  <testcase name="throwAsSecHubExecutionException_rethrows_adapter_exception_when_exception_is_adapter_exception" classname="x.y.z.sharedkernel.execution.SecHubExecutionExceptionTest" time="0.0"/>
  <system-out><![CDATA[]]></system-out>
  <system-err><![CDATA[]]></system-err>
</testsuite>
<testsuite name="x.y.z.adapter.nessus.NessusStateTest" tests="2" skipped="0" failures="0" errors="0" timestamp="2020-04-07T11:04:14" hostname="fv-az50" time="0.0">
  <properties/>
  <testcase name="is_wellknown_return_true_for_Completed" classname="x.y.z.adapter.nessus.NessusStateTest" time="0.0"/>
  <testcase name="is_wellknown_return_false_for_Unknown" classname="x.y.z.adapter.nessus.NessusStateTest" time="0.0"/>
  <system-out><![CDATA[]]></system-out>
  <system-err><![CDATA[]]></system-err>
</testsuite>
<testsuite name="x.y.z.domain.notification.email.SMTPServerConfigurationTest" tests="3" skipped="0" failures="0" errors="0" timestamp="2020-04-07T11:05:21" hostname="fv-az50" time="0.063">
  <properties/>
  <testcase name="all_configured_all_set_to_mailsender" classname="x.y.z.domain.notification.email.SMTPServerConfigurationTest" time="0.06"/>
  <testcase name="defaults" classname="x.y.z.domain.notification.email.SMTPServerConfigurationTest" time="0.001"/>
  <testcase name="all_configured_except_credentails_all_set_to_mailsender_but_credentials_not_set" classname="x.y.z.domain.notification.email.SMTPServerConfigurationTest" time="0.001"/>
  <system-out><![CDATA[]]></system-out>
  <system-err><![CDATA[]]></system-err>
</testsuite>
<testsuite name="x.y.z.domain.notification.email.SMTPConfigStringToMapConverterTest" tests="6" skipped="0" failures="0" errors="0" timestamp="2020-04-07T11:05:22" hostname="fv-az50" time="0.003">
  <properties/>
  <testcase name="one_entry_all_correct_set_but_spaces" classname="x.y.z.domain.notification.email.SMTPConfigStringToMapConverterTest" time="0.001"/>
  <testcase name="empty_results_in_empty_map" classname="x.y.z.domain.notification.email.SMTPConfigStringToMapConverterTest" time="0.001"/>
  <testcase name="one_entry_all_correct_set" classname="x.y.z.domain.notification.email.SMTPConfigStringToMapConverterTest" time="0.0"/>
  <testcase name="two_entry_all_correct_set_but_spaces" classname="x.y.z.domain.notification.email.SMTPConfigStringToMapConverterTest" time="0.0"/>
  <testcase name="one_entry_no_value" classname="x.y.z.domain.notification.email.SMTPConfigStringToMapConverterTest" time="0.001"/>
  <testcase name="null_results_in_empty_map" classname="x.y.z.domain.notification.email.SMTPConfigStringToMapConverterTest" time="0.0"/>
  <system-out><![CDATA[]]></system-out>
  <system-err><![CDATA[]]></system-err>
</testsuite>

</testsuites>
