<?xml version="1.0" encoding="UTF-8"?>
<testsuite name="x.y.z.domain.schedule.ScheduleJobMarkerServiceTest" tests="2" skipped="0" failures="0" errors="0" timestamp="2020-04-09T17:09:28" hostname="devtux" time="0.009">
  <properties/>
  <testcase name="markNextJobExecutedByThisPOD__calls_jobrepository_findNextJobToExecute" classname="x.y.z.domain.schedule.ScheduleJobMarkerServiceTest" time="0.003"/>
  <testcase name="markNextJobExecutedByThisPOD__updates_execution_state_to_started" classname="x.y.z.domain.schedule.ScheduleJobMarkerServiceTest" time="0.005"/>
  <system-out><![CDATA[]]></system-out>
  <system-err><![CDATA[]]></system-err>
</testsuite>
